<?xml version="1.0" encoding="UTF-8"?>
<!-- Generated by org.testng.reporters.JUnitReportReporter -->
<testsuite skipped="0" hostname="LAPTOP-C2MGH3OJ" name="com.InterviewTask.tests.Task" tests="1" failures="0" timestamp="2022-10-30T15:05:01 EDT" time="13.817" errors="0">
  <testcase name="deleteElements" time="13.817" classname="com.InterviewTask.tests.Task"/>
  <system-out/>
</testsuite> <!-- com.InterviewTask.tests.Task -->
