<?xml version="1.0" encoding="UTF-8"?>
<!-- Generated by org.testng.reporters.JUnitReportReporter -->
<testsuite skipped="0" hostname="LAPTOP-C2MGH3OJ" name="com.InterviewTask.tests.Task" tests="2" failures="0" timestamp="2022-10-30T15:37:22 EDT" time="22.804" errors="0">
  <testcase name="addElements" time="9.152" classname="com.InterviewTask.tests.Task"/>
  <system-out/>
  <testcase name="deleteElements" time="13.652" classname="com.InterviewTask.tests.Task"/>
  <system-out/>
</testsuite> <!-- com.InterviewTask.tests.Task -->
