<?xml version="1.0" encoding="UTF-8"?>
<!-- Generated by org.testng.reporters.JUnitReportReporter -->
<testsuite skipped="0" hostname="LAPTOP-C2MGH3OJ" name="com.InterviewTask.tests.Task" tests="2" failures="0" timestamp="2022-10-28T23:21:34 EDT" time="16.117" errors="0">
  <testcase name="addElements" time="6.271" classname="com.InterviewTask.tests.Task"/>
  <system-out/>
  <testcase name="deleteElements" time="9.846" classname="com.InterviewTask.tests.Task"/>
  <system-out/>
</testsuite> <!-- com.InterviewTask.tests.Task -->
